Arguments: 
  /home/2107-005-moj/.nvm/versions/node/v16.5.0/bin/node /home/2107-005-moj/.nvm/versions/node/v16.5.0/bin/yarn avocado

PATH: 
  /home/2107-005-moj/.nvm/versions/node/v16.5.0/bin:/usr/local/bin:/usr/bin:/bin:/sbin:/usr/local/sbin:/usr/sbin:/home/2107-005-moj/.local/bin:/home/2107-005-moj/bin:/home/2107-005-moj/.local/bin:/home/2107-005-moj/bin

Yarn version: 
  1.22.11

Node version: 
  16.5.0

Platform: 
  linux x64

Trace: 
  SyntaxError: /home/2107-005-moj/Developer/academy/mark/yarn-demo/package.json: Unexpected string in JSON at position 217
      at JSON.parse (<anonymous>)
      at /home/2107-005-moj/.nvm/versions/node/v16.5.0/lib/node_modules/yarn/lib/cli.js:1625:59
      at Generator.next (<anonymous>)
      at step (/home/2107-005-moj/.nvm/versions/node/v16.5.0/lib/node_modules/yarn/lib/cli.js:310:30)
      at /home/2107-005-moj/.nvm/versions/node/v16.5.0/lib/node_modules/yarn/lib/cli.js:321:13

npm manifest: 
  {
    "name": "yarn-demo",
    "version": "1.0.0",
    "license": "CC-BY-NC-ND-4.0",
    "dependencies": {
      "lodash": "4.17.21",
      "moment": "^2.29.1"
    },
    "scripts": {
      "lodash-demo": "node src/lodash-demo.js"
      "avocado":"node src/moment-demo.js"
    }
  }

yarn manifest: 
  No manifest

Lockfile: 
  # THIS IS AN AUTOGENERATED FILE. DO NOT EDIT THIS FILE DIRECTLY.
  # yarn lockfile v1
  
  
  lodash@4.17.21:
    version "4.17.21"
    resolved "https://registry.yarnpkg.com/lodash/-/lodash-4.17.21.tgz#679591c564c3bffaae8454cf0b3df370c3d6911c"
    integrity sha512-v2kDEe57lecTulaDIuNTPy3Ry4gLGJ6Z1O3vE1krgXZNrsQ+LFTGHVxVjcXPs17LhbZVGedAJv8XZ1tvj5FvSg==
  
  moment@^2.29.1:
    version "2.29.1"
    resolved "https://registry.yarnpkg.com/moment/-/moment-2.29.1.tgz#b2be769fa31940be9eeea6469c075e35006fa3d3"
    integrity sha512-kHmoybcPV8Sqy59DwNDY3Jefr64lK/by/da0ViFcuA4DH0vQg5Q6Ze5VimxkfQNSC+Mls/Kx53s7TjP1RhFEDQ==
